  [1m[36mSCHEMA (0.6ms)[0m  [1mSHOW TABLES [0m
  [1m[35mSCHEMA (0.4ms)[0m  SHOW TABLES 
  [1m[36mSQL (89.9ms)[0m  [1mCREATE TABLE `schema_migrations` (`version` varchar(255) NOT NULL) ENGINE=InnoDB[0m
  [1m[35mSQL (0.8ms)[0m  SHOW KEYS FROM `schema_migrations`
  [1m[36mSQL (209.2ms)[0m  [1mCREATE UNIQUE INDEX `unique_schema_migrations` ON `schema_migrations` (`version`)[0m
  [1m[35mSCHEMA (0.5ms)[0m  SHOW TABLES 
  [1m[36mSCHEMA (0.5ms)[0m  [1mSHOW TABLES [0m
  [1m[35mSCHEMA (0.6ms)[0m  SHOW TABLES 
  [1m[36mSCHEMA (0.5ms)[0m  [1mSHOW TABLES [0m
  [1m[35mSQL (18.0ms)[0m  SELECT `schema_migrations`.`version` FROM `schema_migrations`
  [1m[36mSCHEMA (0.4ms)[0m  [1mSHOW TABLES [0m
DEPRECATION WARNING: config.action_view.debug_rjs will be removed in 3.1, from 3.1 onwards you will need to install prototype-rails to continue to use RJS templates . (called from service at /usr/lib/ruby/1.9.1/webrick/httpserver.rb:138)
  [1m[36mSCHEMA (0.6ms)[0m  [1mSHOW TABLES [0m
  [1m[35mSCHEMA (0.6ms)[0m  SHOW TABLES 
  [1m[36mSQL (11.2ms)[0m  [1mSELECT `schema_migrations`.`version` FROM `schema_migrations`[0m
Migrating to CreateServices (20140415073619)
  [1m[35mSQL (125.5ms)[0m  CREATE TABLE `services` (`service_id` int(11) DEFAULT NULL auto_increment PRIMARY KEY, `name` varchar(255), `created_at` datetime, `updated_at` datetime) ENGINE=InnoDB
  [1m[36mSQL (42.2ms)[0m  [1mINSERT INTO `schema_migrations` (`version`) VALUES ('20140415073619')[0m
Migrating to CreateConcerns (20140415073718)
  [1m[35mSQL (107.0ms)[0m  CREATE TABLE `concerns` (`concern_id` int(11) DEFAULT NULL auto_increment PRIMARY KEY, `name` varchar(255), `created_at` datetime, `updated_at` datetime) ENGINE=InnoDB
  [1m[36mSQL (41.7ms)[0m  [1mINSERT INTO `schema_migrations` (`version`) VALUES ('20140415073718')[0m
Migrating to CreateSatlevels (20140415075116)
  [1m[35mSQL (99.6ms)[0m  CREATE TABLE `satlevels` (`satlevel_id` int(11) DEFAULT NULL auto_increment PRIMARY KEY, `name` varchar(255), `created_at` datetime, `updated_at` datetime) ENGINE=InnoDB
  [1m[36mSQL (31.1ms)[0m  [1mINSERT INTO `schema_migrations` (`version`) VALUES ('20140415075116')[0m
Migrating to CreateVotes (20140415075308)
  [1m[35mSQL (85.7ms)[0m  CREATE TABLE `votes` (`vote_id` int(11) DEFAULT NULL auto_increment PRIMARY KEY, `client_id` varchar(255), `satlevel_id` int(11), `service_id` int(11), `created_at` datetime, `updated_at` datetime) ENGINE=InnoDB
  [1m[36mSQL (30.5ms)[0m  [1mINSERT INTO `schema_migrations` (`version`) VALUES ('20140415075308')[0m
Migrating to CreateVoteConcerns (20140415082941)
  [1m[36mSCHEMA (0.7ms)[0m  [1mSHOW TABLES [0m
  [1m[35mSCHEMA (0.5ms)[0m  SHOW TABLES 
  [1m[36mSQL (1.4ms)[0m  [1mSELECT `schema_migrations`.`version` FROM `schema_migrations`[0m
Migrating to CreateServices (20140415073619)
Migrating to CreateConcerns (20140415073718)
Migrating to CreateSatlevels (20140415075116)
Migrating to CreateVotes (20140415075308)
Migrating to CreateVoteConcerns (20140415082941)
  [1m[35mSQL (95.9ms)[0m  CREATE TABLE `vote_concerns` (`vote_id` int(11), `concern_id` int(11), `created_at` datetime, `updated_at` datetime) ENGINE=InnoDB
  [1m[36mSQL (232.0ms)[0m  [1mALTER TABLE vote_concerns ADD PRIMARY KEY(vote_id, concern_id)[0m
  [1m[35mSQL (41.8ms)[0m  INSERT INTO `schema_migrations` (`version`) VALUES ('20140415082941')
Migrating to CreateServiceConcerns (20140415084735)
  [1m[36mSQL (95.6ms)[0m  [1mCREATE TABLE `service_concerns` (`service_id` int(11), `concern_id` int(11), `created_at` datetime, `updated_at` datetime) ENGINE=InnoDB[0m
  [1m[35mSQL (243.3ms)[0m  ALTER TABLE service_concerns ADD PRIMARY KEY(service_id, concern_id)
  [1m[36mSQL (30.7ms)[0m  [1mINSERT INTO `schema_migrations` (`version`) VALUES ('20140415084735')[0m
  [1m[35mSCHEMA (0.6ms)[0m  SHOW TABLES 
  [1m[36mSQL (0.5ms)[0m  [1mSELECT `schema_migrations`.`version` FROM `schema_migrations`[0m
  [1m[35mSCHEMA (0.4ms)[0m  SHOW TABLES 
  [1m[36mSQL (1.2ms)[0m  [1mdescribe `concerns`[0m
  [1m[35mSQL (0.6ms)[0m  SHOW KEYS FROM `concerns`
  [1m[36mSQL (1.2ms)[0m  [1mdescribe `satlevels`[0m
  [1m[35mSQL (0.6ms)[0m  SHOW KEYS FROM `satlevels`
  [1m[36mSQL (1.2ms)[0m  [1mdescribe `service_concerns`[0m
  [1m[35mSQL (0.7ms)[0m  SHOW KEYS FROM `service_concerns`
  [1m[36mSQL (1.0ms)[0m  [1mdescribe `services`[0m
  [1m[35mSQL (0.6ms)[0m  SHOW KEYS FROM `services`
  [1m[36mSQL (1.2ms)[0m  [1mdescribe `vote_concerns`[0m
  [1m[35mSQL (0.6ms)[0m  SHOW KEYS FROM `vote_concerns`
  [1m[36mSQL (1.3ms)[0m  [1mdescribe `votes`[0m
  [1m[35mSQL (0.5ms)[0m  SHOW KEYS FROM `votes`
